rm: cannot remove ‘mltp_max.csv’: No such file or directory
128
Starting: Dy_L19_L19_L19_MeO_O_MLTP_MAX
Starting: Dy_L25_L25_DMF_MeO_N_N_MLTP_MAX
Starting: Dy_L18_L23_L26_DMF_O_MLTP_MAX
Starting: Starting: Starting: Starting: Starting: Dy_L18_L25_L25_DMF_DMF_MLTP_MAXStarting: Dy_L1_L25_MeO_O_MLTP_MAXStarting: Starting: Starting: 
Starting: Dy_L25_L22_DMF_N_O_O_MLTP_MAXDy_L2_L18_N_N_MLTP_MAX
Starting: Starting: Dy_L4_DMF_MeO_MeO_O_MLTP_MAX
Starting: Dy_L2_DMF_DMF_MeO_N_MLTP_MAXStarting: 
Starting: Starting: Starting: Dy_L19_L19_L26_DMF_MeO_MLTP_MAX
Starting: Dy_L10_L21_L25_MLTP_MAXDy_L23_L18_O_O_O_O_MLTP_MAXStarting: Starting: Dy_L23_L19_MeO_O_O_O_MLTP_MAX

Starting: Dy_L23_L18_MeO_MeO_MeO_O_MLTP_MAX

Dy_L18_L26_MeO_MeO_MeO_N_MLTP_MAX
Dy_L19_L19_L21_N_O_MLTP_MAX
Starting: Dy_L18_L23_MeO_MeO_O_O_MLTP_MAX
Starting: Dy_L26_L25_MeO_MeO_MeO_N_MLTP_MAX
Starting: Dy_L18_L18_L18_MeO_MeO_MLTP_MAX
Starting: Dy_L20_L23_MeO_MeO_N_N_MLTP_MAX
Starting: Dy_L18_L19_DMF_N_N_N_MLTP_MAX
Dy_L22_L21_DMF_MeO_O_O_MLTP_MAX
Starting: Dy_L25_L23_DMF_DMF_DMF_N_MLTP_MAX
Starting: Dy_L21_L21_DMF_DMF_MeO_O_MLTP_MAX

Dy_L18_L18_L19_O_O_MLTP_MAX
Starting: Dy_L19_L19_L26_N_N_MLTP_MAX
Starting: Dy_L18_L18_L19_L19_MLTP_MAX
Starting: Dy_L10_DMF_MeO_N_N_MLTP_MAX
Starting: Dy_L23_L22_DMF_MeO_MeO_O_MLTP_MAX
Starting: Dy_L18_L18_L19_L26_MLTP_MAX
Starting: Dy_L22_L26_DMF_DMF_MeO_MeO_MLTP_MAX
Starting: Dy_L18_L25_MeO_N_N_O_MLTP_MAX
Starting: Dy_L21_L22_L25_MeO_O_MLTP_MAX
Starting: Dy_L20_L20_L21_N_N_MLTP_MAX
Starting: Dy_L22_L25_L25_MeO_O_MLTP_MAX
Starting: Dy_L18_L22_DMF_DMF_O_O_MLTP_MAX
Starting: Dy_L18_L22_N_N_N_O_MLTP_MAX
Starting: Dy_L20_L26_MeO_MeO_MeO_MeO_MLTP_MAX
Starting: Dy_L22_L23_DMF_DMF_MeO_MeO_MLTP_MAX
Starting: Dy_L19_L23_L26_DMF_O_MLTP_MAX
Starting: Dy_L4_L22_DMF_DMF_MLTP_MAX
Starting: Dy_L10_L26_L26_MLTP_MAX
Starting: Dy_L18_L22_L22_L23_MLTP_MAX
Starting: Dy_L23_L20_DMF_DMF_MeO_N_MLTP_MAX
Starting: Dy_L22_L23_N_N_N_O_MLTP_MAX
Starting: Dy_L19_L21_L25_DMF_N_MLTP_MAX
Starting: Dy_L18_L19_L20_L22_MLTP_MAX
Starting: Dy_L21_L26_MeO_N_N_N_MLTP_MAX
Starting: Dy_L6_L20_DMF_N_MLTP_MAX
Starting: Dy_L19_L25_L26_L26_MLTP_MAX
Starting: Dy_L20_L20_MeO_MeO_MeO_N_MLTP_MAX
Starting: Dy_L10_L26_DMF_DMF_MLTP_MAX
Starting: Dy_L19_L21_L25_L25_MLTP_MAX
Starting: Dy_L10_L25_MeO_MeO_MLTP_MAX
Starting: Dy_L25_L26_L26_DMF_N_MLTP_MAX
Starting: Dy_L6_L18_MeO_O_MLTP_MAX
Starting: Dy_L18_L22_DMF_MeO_N_O_MLTP_MAX
Starting: Dy_L18_L22_O_O_O_O_MLTP_MAX
Starting: Dy_L18_L23_L25_MeO_MeO_MLTP_MAX
Starting: Dy_L19_L21_DMF_N_O_O_MLTP_MAX
Starting: Dy_L4_L21_L23_MLTP_MAX
Starting: Dy_L7_L19_O_O_MLTP_MAX
Starting: Dy_L21_L20_MeO_MeO_MeO_MeO_MLTP_MAX
Starting: Dy_L18_L18_L20_N_N_MLTP_MAX
Starting: Dy_L18_L19_MeO_MeO_N_O_MLTP_MAX
Starting: Dy_L20_L26_DMF_DMF_DMF_DMF_MLTP_MAX
Starting: Dy_L25_L26_DMF_MeO_MeO_N_MLTP_MAX
Dy_L18_L20_DMF_DMF_MeO_N_MLTP_MAX
Starting: Dy_L21_L20_DMF_DMF_DMF_N_MLTP_MAX
Starting: Dy_L23_L25_MeO_MeO_MeO_MeO_MLTP_MAX
Starting: Dy_L22_L18_DMF_DMF_N_N_MLTP_MAX
Dy_L26_L26_DMF_MeO_O_O_MLTP_MAX
Starting: Dy_L26_L21_DMF_MeO_MeO_N_MLTP_MAX
Starting: Dy_L26_L20_DMF_N_N_N_MLTP_MAX
Starting: Dy_L23_L19_MeO_N_N_N_MLTP_MAX
Starting: Dy_L20_L21_DMF_MeO_MeO_N_MLTP_MAX
Dy_L21_L21_L23_DMF_DMF_MLTP_MAX
Starting: Dy_L25_L22_DMF_MeO_MeO_N_MLTP_MAX
Starting: Dy_L21_L25_DMF_N_N_O_MLTP_MAX
Starting: Dy_L25_L25_L25_MeO_N_MLTP_MAX
Starting: Dy_L26_L20_DMF_DMF_N_N_MLTP_MAX
Starting: Dy_L21_L23_DMF_DMF_N_N_MLTP_MAX
Starting: Dy_L2_L22_L23_MLTP_MAX
Starting: Dy_L26_L26_DMF_DMF_MeO_O_MLTP_MAX
Starting: Dy_L7_L25_DMF_DMF_MLTP_MAX
Starting: Dy_L2_N_N_N_N_MLTP_MAX
Starting: Dy_L3_L20_DMF_MeO_MLTP_MAX
Starting: Dy_L18_L21_L22_MeO_N_MLTP_MAX
Starting: Dy_L19_L19_DMF_DMF_N_O_MLTP_MAX
Starting: Dy_L19_L20_DMF_DMF_MeO_N_MLTP_MAX
Starting: Dy_L1_L21_MeO_MeO_MLTP_MAX
Starting: Dy_L1_L19_MeO_N_MLTP_MAX
Starting: Dy_L18_L19_L25_DMF_MeO_MLTP_MAX
Starting: Dy_L4_L22_L23_MLTP_MAX
Starting: Dy_L21_L22_L23_DMF_MeO_MLTP_MAX
Dy_L26_L19_DMF_DMF_MeO_O_MLTP_MAX
Starting: Dy_L1_L19_L19_MLTP_MAX
Starting: Dy_L2_L18_L23_MLTP_MAX
Dy_L20_L19_DMF_MeO_N_O_MLTP_MAX
Starting: Dy_L4_O_O_O_O_MLTP_MAX
Starting: Dy_L20_L23_L23_DMF_O_MLTP_MAX
Starting: Dy_L18_L25_L26_DMF_O_MLTP_MAX
Dy_L21_L21_L21_MeO_O_MLTP_MAX
Starting: Dy_L19_L20_L23_L25_MLTP_MAX
Starting: Dy_L26_L26_MeO_O_O_O_MLTP_MAX
Starting: Dy_L18_L25_N_O_O_O_MLTP_MAX
Starting: Dy_L9_L19_DMF_DMF_MLTP_MAX
Starting: Dy_L1_L23_L25_MLTP_MAX
Starting: Dy_L1_L22_O_O_MLTP_MAX
Starting: Dy_L20_L26_MeO_MeO_MeO_N_MLTP_MAX
Starting: Dy_L21_L23_L23_N_O_MLTP_MAX
Starting: Dy_L23_L22_DMF_DMF_MeO_O_MLTP_MAX
Starting: Dy_L21_L21_L22_O_O_MLTP_MAX
Starting: Dy_L18_L25_DMF_DMF_MeO_N_MLTP_MAX
Starting: Dy_L19_L21_L22_L23_MLTP_MAX
Starting: Dy_L22_L25_MeO_N_N_O_MLTP_MAX
Starting: Dy_L6_L23_L25_MLTP_MAX
Starting: Dy_L26_L22_MeO_MeO_MeO_O_MLTP_MAX
Starting: Dy_L22_L25_DMF_DMF_DMF_N_MLTP_MAX
Starting: Dy_L23_L25_MeO_MeO_O_O_MLTP_MAX
Starting: Dy_L26_L21_MeO_N_N_N_MLTP_MAX

Starting: Dy_L21_L26_MeO_MeO_MeO_MeO_MLTP_MAX
Starting: Dy_L8_L23_N_O_MLTP_MAX
Starting: Starting: Dy_L20_L26_DMF_DMF_O_O_MLTP_MAX
Starting: Dy_L20_L20_L21_N_O_MLTP_MAX
Dy_L19_L19_L26_N_O_MLTP_MAX
Starting: Dy_L18_L19_DMF_DMF_DMF_MeO_MLTP_MAX
Starting: Dy_L19_L26_MeO_MeO_MeO_N_MLTP_MAX
Finished: Dy_L19_L19_L19_MeO_O_MLTP_MAX
Starting: Dy_L20_L20_L25_MeO_O_MLTP_MAX
Finished: Dy_L18_L22_O_O_O_O_MLTP_MAX
Starting: Dy_L26_L23_N_N_N_O_MLTP_MAX
Finished: Dy_L18_L19_MeO_MeO_N_O_MLTP_MAX
Starting: Dy_L2_L19_L23_MLTP_MAX
Finished: Dy_L18_L22_N_N_N_O_MLTP_MAX
Finished: Dy_L18_L25_N_O_O_O_MLTP_MAX
Starting: Dy_L6_L21_MeO_N_MLTP_MAX
Starting: Dy_L22_L22_N_O_O_O_MLTP_MAX
Finished: Dy_L20_L20_MeO_MeO_MeO_N_MLTP_MAX
Starting: Dy_L21_L25_L26_DMF_O_MLTP_MAX
Finished: Dy_L18_L18_L19_O_O_MLTP_MAX
Starting: Dy_L18_L22_L22_DMF_O_MLTP_MAX
Finished: Dy_L18_L25_MeO_N_N_O_MLTP_MAX
Starting: Dy_L1_N_N_N_N_MLTP_MAX
Finished: Dy_L18_L18_L20_N_N_MLTP_MAX
Starting: Dy_L20_L20_L22_MeO_O_MLTP_MAX
Finished: Dy_L18_L18_L18_MeO_MeO_MLTP_MAX
Starting: Dy_L23_L26_DMF_DMF_MeO_MeO_MLTP_MAX
Finished: Dy_L18_L19_DMF_N_N_N_MLTP_MAX
Starting: Dy_L19_L23_DMF_O_O_O_MLTP_MAX
Finished: Dy_L20_L19_DMF_MeO_N_O_MLTP_MAX
Finished: Dy_L23_L18_O_O_O_O_MLTP_MAX
Starting: Dy_L10_L20_N_O_MLTP_MAX
Starting: Dy_L21_L23_L23_O_O_MLTP_MAX
Finished: Dy_L22_L25_MeO_N_N_O_MLTP_MAX
Finished: Dy_L23_L19_MeO_O_O_O_MLTP_MAX
Starting: Dy_L18_L21_DMF_DMF_MeO_MeO_MLTP_MAX
Starting: Dy_L20_L23_O_O_O_O_MLTP_MAX
Finished: Dy_L20_L26_MeO_MeO_MeO_N_MLTP_MAX
Starting: Dy_L19_L22_DMF_MeO_MeO_O_MLTP_MAX
Finished: Dy_L18_L26_MeO_MeO_MeO_N_MLTP_MAX
Starting: Dy_L18_L21_DMF_DMF_N_O_MLTP_MAX
Finished: Dy_L19_L26_MeO_MeO_MeO_N_MLTP_MAX
Starting: Dy_L4_L20_N_N_MLTP_MAX
Finished: Dy_L21_L20_MeO_MeO_MeO_MeO_MLTP_MAX
Finished: Dy_L18_L22_DMF_MeO_N_O_MLTP_MAX
Finished: Dy_L18_L18_L19_L19_MLTP_MAX
Starting: Dy_L19_L20_L20_L25_MLTP_MAX
Starting: Dy_L26_L26_L26_N_N_MLTP_MAX
Starting: Dy_L19_L21_L22_MeO_MeO_MLTP_MAX
Finished: Dy_L20_L26_MeO_MeO_MeO_MeO_MLTP_MAX
Starting: Dy_L22_L20_DMF_O_O_O_MLTP_MAX
Finished: Dy_L19_L19_L21_N_O_MLTP_MAX
Finished: Dy_L18_L23_MeO_MeO_O_O_MLTP_MAX
Finished: Dy_L19_L19_L26_N_O_MLTP_MAX
Starting: Dy_L2_L23_DMF_O_MLTP_MAX
Starting: Dy_L18_L18_L22_L25_MLTP_MAX
Finished: Dy_L20_L20_L21_N_O_MLTP_MAX
Starting: Dy_L25_L20_N_O_O_O_MLTP_MAX
Starting: Dy_L21_L23_MeO_MeO_MeO_N_MLTP_MAX
Finished: Dy_L26_L26_MeO_O_O_O_MLTP_MAX
Finished: Dy_L20_L20_L21_N_N_MLTP_MAX
Finished: Dy_L19_L21_DMF_N_O_O_MLTP_MAX
Starting: Dy_L10_L25_L26_MLTP_MAX
Finished: Dy_L19_L19_L26_N_N_MLTP_MAX
Finished: Dy_L23_L19_MeO_N_N_N_MLTP_MAX
Finished: Dy_L26_L22_MeO_MeO_MeO_O_MLTP_MAX
Starting: Dy_L8_L18_O_O_MLTP_MAX
Starting: Dy_L10_L23_L23_MLTP_MAX
Starting: Dy_L22_L23_DMF_MeO_MeO_N_MLTP_MAX
Starting: Dy_L26_L25_N_N_O_O_MLTP_MAX
Starting: Dy_L23_L23_DMF_DMF_N_N_MLTP_MAX
Finished: Dy_L23_L18_MeO_MeO_MeO_O_MLTP_MAX
Starting: Dy_L23_L25_L25_MeO_N_MLTP_MAX
Finished: Dy_L20_L23_MeO_MeO_N_N_MLTP_MAX
Finished: Dy_L19_L19_DMF_DMF_N_O_MLTP_MAX
Starting: Dy_L23_L25_N_O_O_O_MLTP_MAX
Starting: Dy_L21_L25_DMF_MeO_MeO_N_MLTP_MAX
Finished: Dy_L18_L19_L20_L22_MLTP_MAX
Finished: Dy_L25_L22_DMF_N_O_O_MLTP_MAX
Finished: Dy_L22_L23_N_N_N_O_MLTP_MAX
Starting: Dy_L23_L25_DMF_DMF_MeO_MeO_MLTP_MAX
Starting: Dy_L18_L20_L20_MeO_O_MLTP_MAX
Starting: Dy_L25_L26_DMF_DMF_DMF_MeO_MLTP_MAX
Finished: Dy_L26_L20_DMF_N_N_N_MLTP_MAX
Starting: Dy_L1_L26_DMF_MeO_MLTP_MAX
Finished: Dy_L18_L20_DMF_DMF_MeO_N_MLTP_MAX
Finished: Dy_L26_L25_MeO_MeO_MeO_N_MLTP_MAX
Finished: Dy_L19_L20_DMF_DMF_MeO_N_MLTP_MAX
Starting: Dy_L18_L21_L21_L22_MLTP_MAX
Starting: Dy_L26_L25_DMF_MeO_MeO_O_MLTP_MAX
Starting: Dy_L18_L20_DMF_MeO_N_N_MLTP_MAX
Finished: Dy_L21_L26_MeO_N_N_N_MLTP_MAX
Finished: Dy_L26_L21_MeO_N_N_N_MLTP_MAX
Starting: Dy_L18_L18_N_N_N_N_MLTP_MAX
Starting: Dy_L7_N_N_N_O_MLTP_MAX
Finished: Dy_L18_L22_DMF_DMF_O_O_MLTP_MAX
Finished: Dy_L22_L22_N_O_O_O_MLTP_MAX
Starting: Dy_L25_L21_DMF_DMF_DMF_O_MLTP_MAX
Starting: Dy_L20_L26_DMF_N_N_O_MLTP_MAX
Finished: Dy_L20_L21_DMF_MeO_MeO_N_MLTP_MAX
Starting: Dy_L9_L21_L25_MLTP_MAX
Finished: Dy_L23_L25_MeO_MeO_O_O_MLTP_MAX
Starting: Dy_L21_L21_L25_DMF_O_MLTP_MAX
Finished: Dy_L22_L21_DMF_MeO_O_O_MLTP_MAX
Starting: Dy_L25_L21_DMF_DMF_N_O_MLTP_MAX
Finished: Dy_L18_L21_L22_MeO_N_MLTP_MAX
Starting: Dy_L21_L23_L23_DMF_MeO_MLTP_MAX
Finished: Dy_L22_L18_DMF_DMF_N_N_MLTP_MAX
Finished: Dy_L18_L18_L19_L26_MLTP_MAX
Finished: Dy_L21_L26_MeO_MeO_MeO_MeO_MLTP_MAX
Starting: Dy_L25_L18_MeO_N_O_O_MLTP_MAX
Starting: Dy_L22_L21_MeO_MeO_MeO_O_MLTP_MAX
Finished: Dy_L25_L22_DMF_MeO_MeO_N_MLTP_MAX
Starting: Dy_L18_L26_DMF_DMF_N_N_MLTP_MAX
Starting: Dy_L6_L19_DMF_MeO_MLTP_MAX
Finished: Dy_L25_L25_DMF_MeO_N_N_MLTP_MAX
Finished: Dy_L21_L25_DMF_N_N_O_MLTP_MAX
Starting: Dy_L2_DMF_DMF_MeO_MeO_MLTP_MAX
Finished: Dy_L18_L19_L25_DMF_MeO_MLTP_MAX
Starting: Dy_L25_L22_DMF_DMF_DMF_MeO_MLTP_MAX
Starting: Dy_L19_L19_L21_L26_MLTP_MAX
Finished: Dy_L22_L25_L25_MeO_O_MLTP_MAX
Finished: Dy_L20_L26_DMF_DMF_O_O_MLTP_MAX
Finished: Dy_L20_L20_L25_MeO_O_MLTP_MAX
Starting: Dy_L20_L18_DMF_N_N_O_MLTP_MAX
Starting: Dy_L25_L21_DMF_DMF_MeO_MeO_MLTP_MAX
Starting: Dy_L18_L20_L26_MeO_O_MLTP_MAX
Finished: Dy_L18_L25_DMF_DMF_MeO_N_MLTP_MAX
Finished: Dy_L26_L26_DMF_MeO_O_O_MLTP_MAX
Starting: Dy_L25_L25_DMF_MeO_MeO_O_MLTP_MAX
Starting: Dy_L21_L21_L26_DMF_N_MLTP_MAX
Finished: Dy_L23_L25_MeO_MeO_MeO_MeO_MLTP_MAX
Starting: Dy_L20_L19_MeO_MeO_N_N_MLTP_MAX
Finished: Dy_L20_L20_L22_MeO_O_MLTP_MAX
Finished: Dy_L19_L19_L26_DMF_MeO_MLTP_MAX
Starting: Dy_L18_L18_L26_N_O_MLTP_MAX
Starting: Dy_L7_L18_L25_MLTP_MAX
Finished: Dy_L25_L20_N_O_O_O_MLTP_MAX
Starting: Dy_L18_L20_L25_L26_MLTP_MAX
Finished: Dy_L21_L22_L25_MeO_O_MLTP_MAX
Finished: Dy_L25_L26_DMF_MeO_MeO_N_MLTP_MAX
Finished: Dy_L21_L21_L22_O_O_MLTP_MAX
Finished: Dy_L26_L20_DMF_DMF_N_N_MLTP_MAX
Starting: Dy_L25_L18_N_N_O_O_MLTP_MAX
Starting: Dy_L23_L25_L26_L26_MLTP_MAX
Starting: Dy_L10_L19_L21_MLTP_MAX
Starting: Dy_L3_L18_L21_MLTP_MAX
Finished: Dy_L26_L19_DMF_DMF_MeO_O_MLTP_MAX
Starting: Dy_L9_L21_MeO_N_MLTP_MAX
Finished: Dy_L25_L25_L25_MeO_N_MLTP_MAX
Finished: Dy_L18_L19_DMF_DMF_DMF_MeO_MLTP_MAX
Starting: Dy_L21_L21_L26_MeO_MeO_MLTP_MAX
Finished: Dy_L20_L23_O_O_O_O_MLTP_MAX
Starting: Dy_L20_L26_L26_O_O_MLTP_MAX
Finished: Dy_L18_L18_N_N_N_N_MLTP_MAX
Starting: Dy_L6_DMF_O_O_O_MLTP_MAX
Starting: Dy_L23_L25_L25_DMF_N_MLTP_MAX
Finished: Dy_L23_L22_DMF_MeO_MeO_O_MLTP_MAX
Starting: Dy_L10_L19_MeO_N_MLTP_MAX
Finished: Dy_L26_L21_DMF_MeO_MeO_N_MLTP_MAX
Starting: Dy_L26_L22_N_N_O_O_MLTP_MAX
Finished: Dy_L22_L20_DMF_O_O_O_MLTP_MAX
Starting: Dy_L19_L20_L26_O_O_MLTP_MAX
Finished: Dy_L18_L23_L25_MeO_MeO_MLTP_MAX
Starting: Dy_L21_L19_MeO_O_O_O_MLTP_MAX
Finished: Dy_L18_L20_L20_MeO_O_MLTP_MAX
Starting: Dy_L19_L25_L25_DMF_O_MLTP_MAX
Finished: Dy_L18_L25_L26_DMF_O_MLTP_MAX
Finished: Dy_L26_L23_N_N_N_O_MLTP_MAX
Starting: Dy_L18_L19_L26_MeO_N_MLTP_MAX
Starting: Dy_L9_L21_DMF_N_MLTP_MAX
Finished: Dy_L19_L22_DMF_MeO_MeO_O_MLTP_MAX
Starting: Dy_L18_L25_DMF_DMF_N_N_MLTP_MAX
Finished: Dy_L19_L21_L25_DMF_N_MLTP_MAX
Starting: Dy_L6_MeO_MeO_MeO_N_MLTP_MAX
Finished: Dy_L26_L25_N_N_O_O_MLTP_MAX
Finished: Dy_L18_L20_DMF_MeO_N_N_MLTP_MAX
Starting: Dy_L18_L25_MeO_MeO_N_O_MLTP_MAX
Starting: Dy_L26_L21_DMF_MeO_N_N_MLTP_MAX
Finished: Dy_L25_L18_MeO_N_O_O_MLTP_MAX
Finished: Dy_L19_L23_DMF_O_O_O_MLTP_MAX
Starting: Dy_L22_L22_L23_DMF_O_MLTP_MAX
Starting: Dy_L21_L22_L22_DMF_MeO_MLTP_MAX
Finished: Dy_L21_L21_L21_MeO_O_MLTP_MAX
Finished: Dy_L23_L20_DMF_DMF_MeO_N_MLTP_MAX
Starting: Dy_L23_L20_MeO_MeO_MeO_N_MLTP_MAX
Finished: Dy_L18_L22_L22_DMF_O_MLTP_MAX
Starting: Dy_L23_L23_L26_N_N_MLTP_MAX
Starting: Dy_L23_L26_DMF_DMF_DMF_DMF_MLTP_MAX
Finished: Dy_L22_L26_DMF_DMF_MeO_MeO_MLTP_MAX
Starting: Dy_L20_L21_L21_L21_MLTP_MAX
Finished: Dy_L19_L20_L23_L25_MLTP_MAX
Finished: Dy_L20_L19_MeO_MeO_N_N_MLTP_MAX
Starting: Dy_L10_L22_MeO_O_MLTP_MAX
Starting: Dy_L21_L23_DMF_N_N_N_MLTP_MAX
Finished: Dy_L19_L20_L20_L25_MLTP_MAX
Starting: Dy_L20_L22_L23_L26_MLTP_MAX
Finished: Dy_L21_L20_DMF_DMF_DMF_N_MLTP_MAX
Finished: Dy_L21_L21_DMF_DMF_MeO_O_MLTP_MAX
Finished: Dy_L20_L18_DMF_N_N_O_MLTP_MAX
Finished: Dy_L26_L26_DMF_DMF_MeO_O_MLTP_MAX
Starting: Dy_L6_O_O_O_O_MLTP_MAX
Finished: Dy_L25_L18_N_N_O_O_MLTP_MAX
Starting: Dy_L3_MeO_N_O_O_MLTP_MAX
Starting: Dy_L7_L25_MeO_N_MLTP_MAX
Starting: Dy_L21_L22_L23_L26_MLTP_MAX
Starting: Dy_L23_L23_DMF_DMF_O_O_MLTP_MAX
Finished: Dy_L19_L21_L25_L25_MLTP_MAX
Finished: Dy_L18_L22_L22_L23_MLTP_MAX
Starting: Dy_L18_L19_L21_N_N_MLTP_MAX
Starting: Dy_L18_L18_L25_DMF_MeO_MLTP_MAX
Finished: Dy_L23_L22_DMF_DMF_MeO_O_MLTP_MAX
Finished: Dy_L23_L25_N_O_O_O_MLTP_MAX
Finished: Dy_L19_L21_L22_MeO_MeO_MLTP_MAX
Finished: Dy_L18_L23_L26_DMF_O_MLTP_MAX
Starting: Dy_L2_L20_L21_MLTP_MAX
Finished: Dy_L20_L26_DMF_N_N_O_MLTP_MAX
Finished: Dy_L18_L25_L25_DMF_DMF_MLTP_MAX
Finished: Dy_L19_L25_L26_L26_MLTP_MAX
Finished: Dy_L19_L23_L26_DMF_O_MLTP_MAX
Starting: Dy_L22_L23_O_O_O_O_MLTP_MAX
Finished: Dy_L22_L21_MeO_MeO_MeO_O_MLTP_MAX
Finished: Dy_L22_L25_DMF_DMF_DMF_N_MLTP_MAX
Starting: Dy_L22_L23_L25_O_O_MLTP_MAX
Finished: Dy_L22_L23_DMF_DMF_MeO_MeO_MLTP_MAX
Finished: Dy_L1_L19_MeO_N_MLTP_MAX
Finished: Dy_L18_L21_DMF_DMF_N_O_MLTP_MAX
Finished: Dy_L18_L18_L22_L25_MLTP_MAX
Starting: Dy_L18_L23_L23_DMF_O_MLTP_MAX
Finished: Dy_L21_L19_MeO_O_O_O_MLTP_MAX
Finished: Dy_L1_L22_O_O_MLTP_MAX
Starting: Dy_L4_L23_DMF_MeO_MLTP_MAX
Starting: Dy_L18_L21_O_O_O_O_MLTP_MAX
Finished: Dy_L18_L18_L26_N_O_MLTP_MAX
Finished: Dy_L25_L26_L26_DMF_N_MLTP_MAX
Finished: Dy_L1_N_N_N_N_MLTP_MAX
Starting: Dy_L4_L22_L26_MLTP_MAX
Finished: Dy_L18_L20_L26_MeO_O_MLTP_MAX
Starting: Dy_L21_L22_DMF_MeO_N_O_MLTP_MAX
Starting: Dy_L21_L25_DMF_DMF_DMF_N_MLTP_MAX
Starting: Dy_L3_DMF_O_O_O_MLTP_MAX
Finished: Dy_L26_L22_N_N_O_O_MLTP_MAX
Starting: Dy_L23_L25_L26_O_O_MLTP_MAX
Finished: Dy_L21_L23_MeO_MeO_MeO_N_MLTP_MAX
Starting: Dy_L23_L21_MeO_MeO_N_O_MLTP_MAX
Starting: Dy_L18_L20_L20_L23_MLTP_MAX
Starting: Dy_L3_MeO_MeO_MeO_O_MLTP_MAX
Finished: Dy_L21_L23_DMF_DMF_N_N_MLTP_MAX
Finished: Dy_L19_L21_L22_L23_MLTP_MAX
Starting: Dy_L8_L25_DMF_O_MLTP_MAX
Finished: Dy_L18_L21_DMF_DMF_MeO_MeO_MLTP_MAX
Starting: Dy_L20_L22_L26_DMF_MeO_MLTP_MAX
Starting: Dy_L18_L20_L23_DMF_O_MLTP_MAX
Starting: Dy_L1_L25_N_N_MLTP_MAX
Starting: Dy_L23_L25_DMF_DMF_N_N_MLTP_MAX
Starting: Dy_L19_L20_L25_MeO_O_MLTP_MAX
Starting: Dy_L25_L26_N_N_N_N_MLTP_MAX
Starting: Dy_L19_L22_L22_DMF_N_MLTP_MAX
Starting: Dy_L6_MeO_N_N_N_MLTP_MAX
Starting: Dy_L1_MeO_MeO_N_N_MLTP_MAX
Starting: Dy_L21_L22_L22_L25_MLTP_MAX
Finished: Dy_L21_L25_DMF_MeO_MeO_N_MLTP_MAX
Finished: Dy_L18_L25_MeO_MeO_N_O_MLTP_MAX
Starting: Dy_L22_L23_DMF_DMF_N_O_MLTP_MAX
Starting: Dy_L21_L21_L21_DMF_DMF_MLTP_MAX
Finished: Dy_L26_L25_DMF_MeO_MeO_O_MLTP_MAX
Starting: Dy_L8_L23_MeO_MeO_MLTP_MAX
Finished: Dy_L19_L20_L26_O_O_MLTP_MAX
Starting: Dy_L20_L20_L26_O_O_MLTP_MAX
Finished: Dy_L20_L23_L23_DMF_O_MLTP_MAX
Starting: Dy_L20_L23_DMF_N_O_O_MLTP_MAX
Finished: Dy_L21_L23_L23_N_O_MLTP_MAX
Starting: Dy_L21_L25_DMF_DMF_DMF_O_MLTP_MAX
Finished: Dy_L22_L23_DMF_MeO_MeO_N_MLTP_MAX
Starting: Dy_L19_L22_L26_DMF_O_MLTP_MAX
Finished: Dy_L21_L22_L23_DMF_MeO_MLTP_MAX
Starting: Dy_L21_L22_L25_DMF_MeO_MLTP_MAX
Finished: Dy_L7_L19_O_O_MLTP_MAX
Starting: Dy_L26_L22_N_O_O_O_MLTP_MAX
Finished: Dy_L1_L19_L19_MLTP_MAX
Finished: Dy_L1_L25_MeO_O_MLTP_MAX
Finished: Dy_L18_L19_L26_MeO_N_MLTP_MAX
Starting: Dy_L7_L23_L25_MLTP_MAX
Finished: Dy_L20_L26_DMF_DMF_DMF_DMF_MLTP_MAX
Starting: Dy_L21_L18_MeO_MeO_O_O_MLTP_MAX
Starting: Dy_L21_L23_N_N_O_O_MLTP_MAX
Starting: Dy_L7_DMF_DMF_MeO_O_MLTP_MAX
Finished: Dy_L18_L26_DMF_DMF_N_N_MLTP_MAX
Starting: Dy_L18_L19_DMF_MeO_MeO_MeO_MLTP_MAX
Finished: Dy_L26_L26_L26_N_N_MLTP_MAX
Starting: Dy_L19_L20_DMF_MeO_N_N_MLTP_MAX
Finished: Dy_L25_L25_DMF_MeO_MeO_O_MLTP_MAX
Starting: Dy_L20_L25_L25_DMF_O_MLTP_MAX
Finished: Dy_L21_L25_L26_DMF_O_MLTP_MAX
Starting: Dy_L19_L20_DMF_N_N_O_MLTP_MAX
Finished: Dy_L20_L26_L26_O_O_MLTP_MAX
Starting: Dy_L1_L20_N_N_MLTP_MAX
Finished: Dy_L23_L20_MeO_MeO_MeO_N_MLTP_MAX
Finished: Dy_L18_L21_O_O_O_O_MLTP_MAX
Starting: Dy_L19_L18_MeO_N_O_O_MLTP_MAX
Starting: Dy_L23_L26_L26_MeO_N_MLTP_MAX
Finished: Dy_L25_L23_DMF_DMF_DMF_N_MLTP_MAX
Starting: Dy_L21_L23_L23_N_N_MLTP_MAX
Finished: Dy_L23_L25_L25_MeO_N_MLTP_MAX
Finished: Dy_L25_L21_DMF_DMF_N_O_MLTP_MAX
Starting: Dy_L25_L18_MeO_MeO_MeO_N_MLTP_MAX
Starting: Dy_L20_L21_L22_MeO_N_MLTP_MAX
Finished: Dy_L18_L19_L21_N_N_MLTP_MAX
Starting: Dy_L25_L25_DMF_N_N_O_MLTP_MAX
Finished: Dy_L1_L21_MeO_MeO_MLTP_MAX
Starting: Dy_L22_L25_N_N_O_O_MLTP_MAX
Finished: Dy_L19_L19_L21_L26_MLTP_MAX
Starting: Dy_L18_L22_L25_DMF_DMF_MLTP_MAX
Finished: Dy_L18_L20_L25_L26_MLTP_MAX
Starting: Dy_L8_MeO_MeO_N_N_MLTP_MAX
Finished: Dy_L22_L23_O_O_O_O_MLTP_MAX
Starting: Dy_L23_L19_N_N_N_N_MLTP_MAX
Finished: Dy_L18_L21_L21_L22_MLTP_MAX
Starting: Dy_L25_L19_DMF_DMF_DMF_N_MLTP_MAX
Finished: Dy_L18_L25_DMF_DMF_N_N_MLTP_MAX
Starting: Dy_L19_L22_L22_L25_MLTP_MAX
Finished: Dy_L21_L23_L23_O_O_MLTP_MAX
Starting: Dy_L25_L23_MeO_N_N_N_MLTP_MAX
Finished: Dy_L19_L25_L25_DMF_O_MLTP_MAX
Starting: Dy_L9_L19_L22_MLTP_MAX
Finished: Dy_L23_L26_DMF_DMF_MeO_MeO_MLTP_MAX
Starting: Dy_L25_L25_L25_O_O_MLTP_MAX
Finished: Dy_L7_N_N_N_O_MLTP_MAX
Finished: Dy_L19_L20_L25_MeO_O_MLTP_MAX
Starting: Dy_L20_L25_L25_N_N_MLTP_MAX
Starting: Dy_L10_L23_DMF_DMF_MLTP_MAX
Finished: Dy_L19_L18_MeO_N_O_O_MLTP_MAX
Starting: Dy_L7_L21_L22_MLTP_MAX
Finished: Dy_L26_L21_DMF_MeO_N_N_MLTP_MAX
Finished: Dy_L18_L18_L25_DMF_MeO_MLTP_MAX
Starting: Dy_L10_L21_O_O_MLTP_MAX
Finished: Dy_L25_L26_N_N_N_N_MLTP_MAX
Starting: Dy_L18_L23_MeO_N_N_O_MLTP_MAX
Starting: Dy_L20_L22_DMF_DMF_MeO_O_MLTP_MAX
Finished: Dy_L20_L20_L26_O_O_MLTP_MAX
Starting: Dy_L19_L19_L19_DMF_DMF_MLTP_MAX
Finished: Dy_L25_L21_DMF_DMF_MeO_MeO_MLTP_MAX
Finished: Dy_L21_L18_MeO_MeO_O_O_MLTP_MAX
Starting: Dy_L9_L18_L19_MLTP_MAX
Starting: Dy_L25_L18_N_N_N_O_MLTP_MAX
Finished: Dy_L26_L22_N_O_O_O_MLTP_MAX
Starting: Dy_L7_L21_L23_MLTP_MAX
Finished: Dy_L21_L21_L25_DMF_O_MLTP_MAX
Starting: Dy_L23_L25_MeO_MeO_MeO_N_MLTP_MAX
Finished: Dy_L23_L25_DMF_DMF_MeO_MeO_MLTP_MAX
Starting: Dy_L19_L21_MeO_N_N_N_MLTP_MAX
Finished: Dy_L19_L20_DMF_N_N_O_MLTP_MAX
Starting: Dy_L23_L23_DMF_DMF_MeO_O_MLTP_MAX
Finished: Dy_L19_L20_DMF_MeO_N_N_MLTP_MAX
Starting: Dy_L20_L25_DMF_MeO_MeO_N_MLTP_MAX
Finished: Dy_L18_L19_DMF_MeO_MeO_MeO_MLTP_MAX
Starting: Dy_L4_L22_O_O_MLTP_MAX
Finished: Dy_L25_L22_DMF_DMF_DMF_MeO_MLTP_MAX
Finished: Dy_L25_L21_DMF_DMF_DMF_O_MLTP_MAX
Finished: Dy_L21_L21_L26_MeO_MeO_MLTP_MAX
Starting: Dy_L4_L18_N_N_MLTP_MAX
Starting: Dy_L22_L25_L26_L26_MLTP_MAX
Starting: Dy_L20_L20_L20_DMF_MeO_MLTP_MAX
Finished: Dy_L21_L22_DMF_MeO_N_O_MLTP_MAX
Finished: Dy_L25_L26_DMF_DMF_DMF_MeO_MLTP_MAX
Starting: Dy_L6_L18_L23_MLTP_MAX
Starting: Dy_L25_L25_MeO_MeO_O_O_MLTP_MAX
Finished: Dy_L25_L18_MeO_MeO_MeO_N_MLTP_MAX
Starting: Dy_L19_L22_MeO_N_N_N_MLTP_MAX
Finished: Dy_L23_L21_MeO_MeO_N_O_MLTP_MAX
Finished: Dy_L22_L25_N_N_O_O_MLTP_MAX
Finished: Dy_L21_L23_DMF_N_N_N_MLTP_MAX
Starting: Dy_L9_L25_DMF_DMF_MLTP_MAX
Starting: Dy_L21_L21_DMF_DMF_DMF_DMF_MLTP_MAX
Starting: Dy_L19_L21_L21_MeO_O_MLTP_MAX
Finished: Dy_L21_L22_L22_DMF_MeO_MLTP_MAX
Finished: Dy_L20_L23_DMF_N_O_O_MLTP_MAX
Starting: Dy_L18_L18_L21_MeO_MeO_MLTP_MAX
Starting: Dy_L18_L19_DMF_DMF_MeO_MeO_MLTP_MAX
Finished: Dy_L21_L21_L23_DMF_DMF_MLTP_MAX
Starting: Dy_L18_L23_DMF_DMF_MeO_MeO_MLTP_MAX
Finished: Dy_L23_L23_DMF_DMF_N_N_MLTP_MAX
Starting: Dy_L22_L23_MeO_MeO_MeO_MeO_MLTP_MAX
Finished: Dy_L19_L22_L22_DMF_N_MLTP_MAX
Starting: Dy_L23_L21_MeO_N_O_O_MLTP_MAX
Finished: Dy_L22_L23_L25_O_O_MLTP_MAX
Finished: Dy_L21_L23_N_N_O_O_MLTP_MAX
Starting: Dy_L18_L22_L22_DMF_MeO_MLTP_MAX
Starting: Dy_L23_L22_DMF_DMF_DMF_N_MLTP_MAX
Finished: Dy_L18_L20_L20_L23_MLTP_MAX
Starting: Dy_L7_L18_L26_MLTP_MAX
Finished: Dy_L21_L21_L26_DMF_N_MLTP_MAX
Starting: Dy_L18_L19_L19_DMF_DMF_MLTP_MAX
Finished: Dy_L23_L19_N_N_N_N_MLTP_MAX
Starting: Dy_L22_L22_L22_L26_MLTP_MAX
Finished: Dy_L18_L20_L23_DMF_O_MLTP_MAX
Finished: Dy_L22_L22_L23_DMF_O_MLTP_MAX
Starting: Dy_L20_L26_L26_DMF_N_MLTP_MAX
Starting: Dy_L20_L25_L26_N_O_MLTP_MAX
Finished: Dy_L25_L18_N_N_N_O_MLTP_MAX
Starting: Dy_L9_L26_MeO_MeO_MLTP_MAX
Finished: Dy_L20_L22_L26_DMF_MeO_MLTP_MAX
Starting: Dy_L10_L22_O_O_MLTP_MAX
Finished: Dy_L23_L25_L25_DMF_N_MLTP_MAX
Starting: Dy_L18_L19_L25_DMF_DMF_MLTP_MAX
Finished: Dy_L19_L22_L26_DMF_O_MLTP_MAX
Finished: Dy_L20_L21_L22_MeO_N_MLTP_MAX
Starting: Dy_L20_L26_N_N_N_O_MLTP_MAX
Starting: Dy_L20_L21_DMF_DMF_O_O_MLTP_MAX
Finished: Dy_L25_L25_DMF_N_N_O_MLTP_MAX
Starting: Dy_L18_L19_L23_DMF_N_MLTP_MAX
Finished: Dy_L19_L21_MeO_N_N_N_MLTP_MAX
Starting: Dy_L19_L21_MeO_MeO_N_N_MLTP_MAX
Finished: Dy_L20_L21_L21_L21_MLTP_MAX
Starting: Dy_L22_L22_L25_O_O_MLTP_MAX
Finished: Dy_L18_L23_MeO_N_N_O_MLTP_MAX
Starting: Dy_L1_L25_L26_MLTP_MAX
Finished: Dy_L1_MeO_MeO_N_N_MLTP_MAX
Starting: Dy_L25_L18_MeO_MeO_MeO_MeO_MLTP_MAX
Finished: Dy_L23_L25_L26_O_O_MLTP_MAX
Starting: Dy_L25_L26_DMF_MeO_N_N_MLTP_MAX
Finished: Dy_L19_L22_MeO_N_N_N_MLTP_MAX
Finished: Dy_L20_L25_L25_DMF_O_MLTP_MAX
Starting: Dy_L1_L23_DMF_O_MLTP_MAX
Starting: Dy_L25_L19_MeO_MeO_MeO_MeO_MLTP_MAX
Finished: Dy_L20_L22_L23_L26_MLTP_MAX
Starting: Dy_L10_L7_MLTP_MAX
Finished: Dy_L25_L23_MeO_N_N_N_MLTP_MAX
Starting: Dy_L19_L22_L23_MeO_O_MLTP_MAX
Finished: Dy_L20_L25_L25_N_N_MLTP_MAX
Starting: Dy_L19_L20_L25_DMF_N_MLTP_MAX
Finished: Dy_L25_L25_MeO_MeO_O_O_MLTP_MAX
Starting: Dy_L18_L19_DMF_MeO_N_N_MLTP_MAX
Finished: Dy_L10_DMF_MeO_N_N_MLTP_MAX
Starting: Dy_L9_L2_MLTP_MAX
Finished: Dy_L22_L23_DMF_DMF_N_O_MLTP_MAX
Starting: Dy_L10_L25_O_O_MLTP_MAX
Finished: Dy_L23_L23_L26_N_N_MLTP_MAX
Starting: Dy_L19_L19_L20_MeO_N_MLTP_MAX
Finished: Dy_L20_L20_L20_DMF_MeO_MLTP_MAX
Starting: Dy_L22_L18_MeO_N_N_O_MLTP_MAX
Finished: Dy_L20_L25_DMF_MeO_MeO_N_MLTP_MAX
Starting: Dy_L19_L22_DMF_N_N_O_MLTP_MAX
Finished: Dy_L20_L22_DMF_DMF_MeO_O_MLTP_MAX
Starting: Dy_L25_L23_DMF_DMF_O_O_MLTP_MAX
Finished: Dy_L21_L22_L22_L25_MLTP_MAX
Starting: Dy_L8_L21_N_O_MLTP_MAX
Finished: Dy_L25_L25_L25_O_O_MLTP_MAX
Starting: Dy_L20_L25_L26_L26_MLTP_MAX
Finished: Dy_L23_L25_DMF_DMF_N_N_MLTP_MAX
Starting: Dy_L20_L21_DMF_MeO_MeO_O_MLTP_MAX
Finished: Dy_L23_L23_DMF_DMF_O_O_MLTP_MAX
Starting: Dy_L19_L19_L19_L25_MLTP_MAX
Finished: Dy_L19_L22_L22_L25_MLTP_MAX
Starting: Dy_L23_L19_MeO_N_N_O_MLTP_MAX
Finished: Dy_L19_L19_L19_DMF_DMF_MLTP_MAX
Finished: Dy_L1_L23_L25_MLTP_MAX
Starting: Dy_L3_DMF_DMF_N_N_MLTP_MAX
Starting: Dy_L19_L19_L20_L23_MLTP_MAX
Finished: Dy_L21_L22_L25_DMF_MeO_MLTP_MAX
Finished: Dy_L21_L23_L23_DMF_MeO_MLTP_MAX
Starting: Dy_L18_L22_L26_MeO_MeO_MLTP_MAX
Starting: Dy_L3_L19_O_O_MLTP_MAX
Finished: Dy_L10_L20_N_O_MLTP_MAX
Starting: Dy_L9_L20_L20_MLTP_MAX
Finished: Dy_L23_L25_MeO_MeO_MeO_N_MLTP_MAX
Starting: Dy_L7_L22_L23_MLTP_MAX
Finished: Dy_L18_L18_L21_MeO_MeO_MLTP_MAX
Finished: Dy_L18_L23_L23_DMF_O_MLTP_MAX
Starting: Dy_L23_L19_DMF_MeO_MeO_O_MLTP_MAX
Starting: Dy_L26_L20_DMF_DMF_MeO_N_MLTP_MAX
Finished: Dy_L23_L25_L26_L26_MLTP_MAX
Starting: Dy_L18_L20_L20_MeO_MeO_MLTP_MAX
Finished: Dy_L20_L26_N_N_N_O_MLTP_MAX
Finished: Dy_L1_L26_DMF_MeO_MLTP_MAX
Starting: Dy_L22_L18_MeO_N_N_N_MLTP_MAX
Starting: Dy_L23_L26_L26_DMF_O_MLTP_MAX
Finished: Dy_L21_L25_DMF_DMF_DMF_N_MLTP_MAX
Starting: Dy_L2_DMF_O_O_O_MLTP_MAX
Finished: Dy_L18_L19_DMF_DMF_MeO_MeO_MLTP_MAX
Starting: Dy_L4_L21_L25_MLTP_MAX
Finished: Dy_L25_L19_DMF_DMF_DMF_N_MLTP_MAX
Starting: Dy_L20_L19_DMF_MeO_MeO_N_MLTP_MAX
Finished: Dy_L19_L21_MeO_MeO_N_N_MLTP_MAX
Finished: Dy_L21_L25_DMF_DMF_DMF_O_MLTP_MAX
Starting: Dy_L3_DMF_DMF_MeO_O_MLTP_MAX
Starting: Dy_L18_L19_N_N_N_N_MLTP_MAX
Finished: Dy_L1_L20_N_N_MLTP_MAX
Starting: Dy_L23_L22_DMF_MeO_N_O_MLTP_MAX
Finished: Dy_L18_L22_L25_DMF_DMF_MLTP_MAX
Finished: Dy_L23_L21_MeO_N_O_O_MLTP_MAX
Finished: Dy_L25_L18_MeO_MeO_MeO_MeO_MLTP_MAX
Starting: Dy_L8_L20_L21_MLTP_MAX
Starting: Dy_L20_L20_L23_L26_MLTP_MAX
Finished: Dy_L1_L25_N_N_MLTP_MAX
Starting: Dy_L23_L20_MeO_MeO_MeO_O_MLTP_MAX
Starting: Dy_L19_L25_DMF_DMF_DMF_N_MLTP_MAX
Finished: Dy_L19_L21_L21_MeO_O_MLTP_MAX
Finished: Dy_L22_L23_MeO_MeO_MeO_MeO_MLTP_MAX
Starting: Dy_L1_L26_DMF_N_MLTP_MAX
Starting: Dy_L23_L18_DMF_DMF_O_O_MLTP_MAX
Finished: Dy_L25_L19_MeO_MeO_MeO_MeO_MLTP_MAX
Finished: Dy_L22_L18_MeO_N_N_O_MLTP_MAX
Starting: Dy_L21_L20_MeO_MeO_MeO_O_MLTP_MAX
Starting: Dy_L1_L25_DMF_MeO_MLTP_MAX
Finished: Dy_L10_L25_MeO_MeO_MLTP_MAX
Starting: Dy_L10_L19_L20_MLTP_MAX
Finished: Dy_L21_L22_L23_L26_MLTP_MAX
Finished: Dy_L20_L25_L26_N_O_MLTP_MAX
Finished: Dy_L19_L19_L20_MeO_N_MLTP_MAX
Starting: Dy_L19_L23_N_N_N_O_MLTP_MAX
Starting: Dy_L1_N_N_N_O_MLTP_MAX
Starting: Dy_L19_L19_L20_DMF_N_MLTP_MAX
Finished: Dy_L18_L19_DMF_MeO_N_N_MLTP_MAX
Finished: Dy_L23_L26_L26_MeO_N_MLTP_MAX
Starting: Dy_L23_L20_DMF_MeO_MeO_O_MLTP_MAX
Starting: Dy_L1_L19_DMF_MeO_MLTP_MAX
Finished: Dy_L18_L19_L19_DMF_DMF_MLTP_MAX
Finished: Dy_L18_L22_L22_DMF_MeO_MLTP_MAX
Starting: Dy_L18_L20_L26_DMF_O_MLTP_MAX
Finished: Dy_L8_L18_O_O_MLTP_MAX
Starting: Dy_L4_L18_L18_MLTP_MAX
Starting: Dy_L26_L20_MeO_MeO_N_N_MLTP_MAX
Finished: Dy_L22_L22_L25_O_O_MLTP_MAX
Starting: Dy_L3_MeO_MeO_MeO_N_MLTP_MAX
Finished: Dy_L19_L22_DMF_N_N_O_MLTP_MAX
Starting: Dy_L22_L22_L23_O_O_MLTP_MAX
Finished: Dy_L22_L18_MeO_N_N_N_MLTP_MAX
Starting: Dy_L20_L21_L25_L26_MLTP_MAX
Finished: Dy_L18_L19_N_N_N_N_MLTP_MAX
Starting: Dy_L3_DMF_MeO_MeO_MeO_MLTP_MAX
Finished: Dy_L7_L25_DMF_DMF_MLTP_MAX
Starting: Dy_L8_N_N_O_O_MLTP_MAX
Finished: Dy_L20_L21_DMF_DMF_O_O_MLTP_MAX
Finished: Dy_L18_L20_L20_MeO_MeO_MLTP_MAX
Starting: Dy_L4_L21_L26_MLTP_MAX
Starting: Dy_L25_L26_L26_N_N_MLTP_MAX
Finished: Dy_L7_L18_L25_MLTP_MAX
Starting: Dy_L22_L23_L23_L26_MLTP_MAX
Finished: Dy_L7_L25_MeO_N_MLTP_MAX
Starting: Dy_L18_L21_L25_L26_MLTP_MAX
Finished: Dy_L21_L23_L23_N_N_MLTP_MAX
Starting: Dy_L22_L20_DMF_DMF_DMF_MeO_MLTP_MAX
Finished: Dy_L23_L19_MeO_N_N_O_MLTP_MAX
Starting: Dy_L25_L23_MeO_MeO_MeO_O_MLTP_MAX
Finished: Dy_L18_L23_DMF_DMF_MeO_MeO_MLTP_MAX
Finished: Dy_L19_L20_L25_DMF_N_MLTP_MAX
Starting: Dy_L20_L20_L22_N_O_MLTP_MAX
Starting: Dy_L22_L18_DMF_DMF_DMF_O_MLTP_MAX
Finished: Dy_L25_L26_DMF_MeO_N_N_MLTP_MAX
Finished: Dy_L20_L21_DMF_MeO_MeO_O_MLTP_MAX
Starting: Dy_L7_L25_N_N_MLTP_MAX
Finished: Dy_L20_L19_DMF_MeO_MeO_N_MLTP_MAX
Starting: Dy_L20_L23_L26_DMF_MeO_MLTP_MAX
Starting: Dy_L2_DMF_DMF_DMF_O_MLTP_MAX
Finished: Dy_L21_L21_L21_DMF_DMF_MLTP_MAX
Starting: Dy_L21_L23_L25_DMF_MeO_MLTP_MAX
Finished: Dy_L19_L19_L19_L25_MLTP_MAX
Starting: Dy_L2_DMF_DMF_N_O_MLTP_MAX
Finished: Dy_L19_L22_L23_MeO_O_MLTP_MAX
Finished: Dy_L10_L19_MeO_N_MLTP_MAX
Starting: Dy_L21_L26_DMF_N_O_O_MLTP_MAX
Starting: Dy_L18_L19_L20_MeO_N_MLTP_MAX
Finished: Dy_L18_L19_L23_DMF_N_MLTP_MAX
Starting: Dy_L23_L23_DMF_MeO_N_O_MLTP_MAX
Finished: Dy_L20_L26_L26_DMF_N_MLTP_MAX
Starting: Dy_L7_L18_L22_MLTP_MAX
Finished: Dy_L18_L19_L25_DMF_DMF_MLTP_MAX
Starting: Dy_L10_DMF_DMF_DMF_O_MLTP_MAX
Finished: Dy_L21_L20_MeO_MeO_MeO_O_MLTP_MAX
Starting: Dy_L26_L20_DMF_N_N_O_MLTP_MAX
Finished: Dy_L23_L26_DMF_DMF_DMF_DMF_MLTP_MAX
Starting: Dy_L21_L21_L25_N_O_MLTP_MAX
Finished: Dy_L22_L22_L22_L26_MLTP_MAX
Starting: Dy_L20_L22_L26_N_N_MLTP_MAX
Finished: Dy_L18_L22_L26_MeO_MeO_MLTP_MAX
Starting: Dy_L9_L21_MeO_MeO_MLTP_MAX
Finished: Dy_L19_L23_N_N_N_O_MLTP_MAX
Finished: Dy_L23_L20_MeO_MeO_MeO_O_MLTP_MAX
Finished: Dy_L22_L25_L26_L26_MLTP_MAX
Starting: Dy_L6_L22_L26_MLTP_MAX
Starting: Dy_L19_L21_L22_N_N_MLTP_MAX
Starting: Dy_L20_L26_O_O_O_O_MLTP_MAX
Finished: Dy_L26_L20_MeO_MeO_N_N_MLTP_MAX
Starting: Dy_L20_L26_DMF_MeO_N_N_MLTP_MAX
Finished: Dy_L19_L19_L20_DMF_N_MLTP_MAX
Starting: Dy_L19_L19_L21_L21_MLTP_MAX
Finished: Dy_L23_L19_DMF_MeO_MeO_O_MLTP_MAX
Starting: Dy_L19_L20_L23_DMF_DMF_MLTP_MAX
Finished: Dy_L19_L19_L20_L23_MLTP_MAX
Starting: Dy_L21_L21_L25_MeO_N_MLTP_MAX
Finished: Dy_L23_L23_DMF_DMF_MeO_O_MLTP_MAX
Starting: Dy_L20_L18_MeO_MeO_N_N_MLTP_MAX
Finished: Dy_L26_L20_DMF_DMF_MeO_N_MLTP_MAX
Starting: Dy_L19_L22_MeO_MeO_N_N_MLTP_MAX
Finished: Dy_L8_L23_N_O_MLTP_MAX
Starting: Dy_L21_L21_MeO_N_N_N_MLTP_MAX
Finished: Dy_L20_L20_L22_N_O_MLTP_MAX
Starting: Dy_L23_L20_DMF_DMF_DMF_MeO_MLTP_MAX
Finished: Dy_L18_L19_L20_MeO_N_MLTP_MAX
Starting: Dy_L20_L20_L22_DMF_MeO_MLTP_MAX
Finished: Dy_L10_L22_MeO_O_MLTP_MAX
Finished: Dy_L23_L22_DMF_MeO_N_O_MLTP_MAX
Starting: Dy_L10_MeO_MeO_MeO_MeO_MLTP_MAX
Starting: Dy_L3_DMF_MeO_N_O_MLTP_MAX
Finished: Dy_L23_L20_DMF_MeO_MeO_O_MLTP_MAX
Finished: Dy_L18_L20_L26_DMF_O_MLTP_MAX
Starting: Dy_L18_L20_MeO_N_N_O_MLTP_MAX
Starting: Dy_L26_L18_DMF_MeO_MeO_O_MLTP_MAX
Finished: Dy_L7_DMF_DMF_MeO_O_MLTP_MAX
Starting: Dy_L25_L20_DMF_MeO_O_O_MLTP_MAX
Finished: Dy_L20_L26_O_O_O_O_MLTP_MAX
Starting: Dy_L20_L23_L26_DMF_DMF_MLTP_MAX
Finished: Dy_L23_L22_DMF_DMF_DMF_N_MLTP_MAX
Starting: Dy_L22_L25_L26_MeO_N_MLTP_MAX
Finished: Dy_L25_L23_DMF_DMF_O_O_MLTP_MAX
Starting: Dy_L8_L18_L21_MLTP_MAX
Finished: Dy_L23_L18_DMF_DMF_O_O_MLTP_MAX
Starting: Dy_L9_L18_L26_MLTP_MAX
Finished: Dy_L20_L25_L26_L26_MLTP_MAX
Starting: Dy_L20_L22_L23_DMF_O_MLTP_MAX
Finished: Dy_L1_N_N_N_O_MLTP_MAX
Starting: Dy_L20_L21_L22_L23_MLTP_MAX
Finished: Dy_L20_L18_MeO_MeO_N_N_MLTP_MAX
Starting: Dy_L18_L20_L26_N_N_MLTP_MAX
Finished: Dy_L26_L20_DMF_N_N_O_MLTP_MAX
Starting: Dy_L19_L23_L23_MeO_N_MLTP_MAX
Finished: Dy_L22_L22_L23_O_O_MLTP_MAX
Starting: Dy_L20_L21_MeO_MeO_N_O_MLTP_MAX
Finished: Dy_L25_L23_MeO_MeO_MeO_O_MLTP_MAX
Starting: Dy_L20_L19_DMF_DMF_N_O_MLTP_MAX
Finished: Dy_L19_L25_DMF_DMF_DMF_N_MLTP_MAX
Starting: Dy_L22_L22_MeO_O_O_O_MLTP_MAX
Finished: Dy_L19_L22_MeO_MeO_N_N_MLTP_MAX
Starting: Dy_L20_L18_DMF_DMF_MeO_MeO_MLTP_MAX
Finished: Dy_L18_L20_MeO_N_N_O_MLTP_MAX
Starting: Dy_L9_L26_O_O_MLTP_MAX
Finished: Dy_L10_L21_L25_MLTP_MAX
Starting: Dy_L1_L3_MLTP_MAX
Finished: Dy_L20_L22_L26_N_N_MLTP_MAX
Starting: Dy_L19_L21_L23_DMF_N_MLTP_MAX
Finished: Dy_L20_L20_L23_L26_MLTP_MAX
Starting: Dy_L22_L20_DMF_MeO_MeO_MeO_MLTP_MAX
Finished: Dy_L20_L26_DMF_MeO_N_N_MLTP_MAX
Finished: Dy_L8_MeO_MeO_N_N_MLTP_MAX
Starting: Dy_L19_L25_DMF_N_N_N_MLTP_MAX
Starting: Dy_L18_L21_L23_O_O_MLTP_MAX
Finished: Dy_L19_L21_L22_N_N_MLTP_MAX
Finished: Dy_L21_L26_DMF_N_O_O_MLTP_MAX
Starting: Dy_L6_L1_MLTP_MAX
Starting: Dy_L21_L21_O_O_O_O_MLTP_MAX
Finished: Dy_L21_L21_DMF_DMF_DMF_DMF_MLTP_MAX
Starting: Dy_L19_L18_DMF_DMF_MeO_O_MLTP_MAX
Finished: Dy_L25_L26_L26_N_N_MLTP_MAX
Starting: Dy_L21_L21_L21_L25_MLTP_MAX
Finished: Dy_L22_L18_DMF_DMF_DMF_O_MLTP_MAX
Starting: Dy_L26_L22_DMF_DMF_DMF_O_MLTP_MAX
Finished: Dy_L10_L26_L26_MLTP_MAX
Starting: Dy_L19_L20_MeO_MeO_O_O_MLTP_MAX
Finished: Dy_L22_L20_DMF_DMF_DMF_MeO_MLTP_MAX
Starting: Dy_L8_L18_MeO_MeO_MLTP_MAX
Finished: Dy_L21_L21_MeO_N_N_N_MLTP_MAX
Starting: Dy_L26_L19_DMF_DMF_N_N_MLTP_MAX
Finished: Dy_L25_L20_DMF_MeO_O_O_MLTP_MAX
Starting: Dy_L18_L26_L26_MeO_N_MLTP_MAX
Finished: Dy_L10_L19_L21_MLTP_MAX
Starting: Dy_L1_MeO_N_O_O_MLTP_MAX
Finished: Dy_L22_L22_MeO_O_O_O_MLTP_MAX
Starting: Dy_L3_L20_L20_MLTP_MAX
Finished: Dy_L21_L21_L25_N_O_MLTP_MAX
Starting: Dy_L19_L26_MeO_N_N_N_MLTP_MAX
Finished: Dy_L20_L21_L25_L26_MLTP_MAX
Starting: Dy_L7_L19_DMF_O_MLTP_MAX
Finished: Dy_L20_L21_MeO_MeO_N_O_MLTP_MAX
Starting: Dy_L8_L20_MeO_MeO_MLTP_MAX
Finished: Dy_L26_L18_DMF_MeO_MeO_O_MLTP_MAX
Starting: Dy_L18_L18_L19_L22_MLTP_MAX
Finished: Dy_L23_L26_L26_DMF_O_MLTP_MAX
Starting: Dy_L22_L26_L26_L26_MLTP_MAX
Finished: Dy_L20_L20_L22_DMF_MeO_MLTP_MAX
Starting: Dy_L21_L18_N_O_O_O_MLTP_MAX
Finished: Dy_L18_L21_L25_L26_MLTP_MAX
Starting: Dy_L19_L23_MeO_N_N_N_MLTP_MAX
Finished: Dy_L18_L20_L26_N_N_MLTP_MAX
Starting: Dy_L23_L20_DMF_O_O_O_MLTP_MAX
Finished: Dy_L10_L26_DMF_DMF_MLTP_MAX
Finished: Dy_L19_L20_MeO_MeO_O_O_MLTP_MAX
Starting: Dy_L18_L19_L19_DMF_MeO_MLTP_MAX
Starting: Dy_L23_L22_N_O_O_O_MLTP_MAX
Finished: Dy_L19_L19_L21_L21_MLTP_MAX
Starting: Dy_L8_L19_N_N_MLTP_MAX
Finished: Dy_L20_L19_DMF_DMF_N_O_MLTP_MAX
Starting: Dy_L10_MeO_N_O_O_MLTP_MAX
Finished: Dy_L23_L23_DMF_MeO_N_O_MLTP_MAX
Finished: Dy_L10_L25_L26_MLTP_MAX
Starting: Dy_L25_L23_O_O_O_O_MLTP_MAX
Starting: Dy_L18_L19_L22_N_O_MLTP_MAX
Finished: Dy_L21_L21_O_O_O_O_MLTP_MAX
Starting: Dy_L26_L26_N_N_N_O_MLTP_MAX
Finished: Dy_L21_L21_L25_MeO_N_MLTP_MAX
Starting: Dy_L3_MeO_N_N_N_MLTP_MAX
Finished: Dy_L20_L23_L26_DMF_MeO_MLTP_MAX
Starting: Dy_L18_L21_MeO_N_N_O_MLTP_MAX
Finished: Dy_L19_L25_DMF_N_N_N_MLTP_MAX
Starting: Dy_L20_L20_L21_MeO_O_MLTP_MAX
Finished: Dy_L22_L20_DMF_MeO_MeO_MeO_MLTP_MAX
Starting: Dy_L10_DMF_DMF_O_O_MLTP_MAX
Finished: Dy_L20_L18_DMF_DMF_MeO_MeO_MLTP_MAX
Starting: Dy_L23_L25_MeO_MeO_N_O_MLTP_MAX
Finished: Dy_L1_L19_DMF_MeO_MLTP_MAX
Starting: Dy_L19_L22_DMF_DMF_DMF_O_MLTP_MAX
Finished: Dy_L22_L25_L26_MeO_N_MLTP_MAX
Starting: Dy_L21_L21_L23_DMF_O_MLTP_MAX
Finished: Dy_L7_L21_L22_MLTP_MAX
Finished: Dy_L10_L21_O_O_MLTP_MAX
Finished: Dy_L19_L18_DMF_DMF_MeO_O_MLTP_MAX
Starting: Dy_L2_L18_DMF_O_MLTP_MAX
Starting: Dy_L23_L23_N_N_O_O_MLTP_MAX
Starting: Dy_L19_L20_L23_DMF_N_MLTP_MAX
Finished: Dy_L7_L18_L26_MLTP_MAX
Starting: Dy_L1_DMF_N_N_O_MLTP_MAX
Finished: Dy_L21_L18_N_O_O_O_MLTP_MAX
Starting: Dy_L21_L22_DMF_MeO_O_O_MLTP_MAX
Finished: Dy_L19_L26_MeO_N_N_N_MLTP_MAX
Starting: Dy_L9_MeO_MeO_N_O_MLTP_MAX
Finished: Dy_L19_L20_L23_DMF_DMF_MLTP_MAX
Finished: Dy_L1_L25_L26_MLTP_MAX
Starting: Dy_L25_L26_L26_O_O_MLTP_MAX
Starting: Dy_L23_L18_MeO_N_N_N_MLTP_MAX
Finished: Dy_L10_L22_O_O_MLTP_MAX
Starting: Dy_L18_L18_L25_O_O_MLTP_MAX
Finished: Dy_L1_L23_DMF_O_MLTP_MAX
Starting: Dy_L25_L23_MeO_MeO_N_O_MLTP_MAX
Finished: Dy_L7_L23_L25_MLTP_MAX
Starting: Dy_L7_L21_MeO_O_MLTP_MAX
Finished: Dy_L21_L23_L25_DMF_MeO_MLTP_MAX
Starting: Dy_L20_L22_DMF_DMF_DMF_DMF_MLTP_MAX
Finished: Dy_L20_L22_L23_DMF_O_MLTP_MAX
Starting: Dy_L9_DMF_N_N_N_MLTP_MAX
Finished: Dy_L1_L25_DMF_MeO_MLTP_MAX
Finished: Dy_L18_L18_L19_L22_MLTP_MAX
Starting: Dy_L21_L23_L25_MeO_N_MLTP_MAX
Finished: Dy_L19_L23_MeO_N_N_N_MLTP_MAX
Starting: Dy_L18_L25_N_N_N_N_MLTP_MAX
Finished: Dy_L18_L21_L23_O_O_MLTP_MAX
Starting: Dy_L21_L23_O_O_O_O_MLTP_MAX
Starting: Dy_L26_L25_DMF_DMF_DMF_DMF_MLTP_MAX
Finished: Dy_L18_L19_L22_N_O_MLTP_MAX
Starting: Dy_L26_L20_MeO_N_N_O_MLTP_MAX
Finished: Dy_L1_L26_DMF_N_MLTP_MAX
Starting: Dy_L10_L19_DMF_N_MLTP_MAX
Finished: Dy_L23_L22_N_O_O_O_MLTP_MAX
Finished: Dy_L18_L21_MeO_N_N_O_MLTP_MAX
Finished: Dy_L18_L19_L19_DMF_MeO_MLTP_MAX
Finished: Dy_L18_L26_L26_MeO_N_MLTP_MAX
Finished: Dy_L2_N_N_N_N_MLTP_MAX
Finished: Dy_L19_L23_L23_MeO_N_MLTP_MAX
Finished: Dy_L23_L20_DMF_O_O_O_MLTP_MAX
Finished: Dy_L23_L20_DMF_DMF_DMF_MeO_MLTP_MAX
Finished: Dy_L26_L19_DMF_DMF_N_N_MLTP_MAX
Finished: Dy_L8_L25_DMF_O_MLTP_MAX
Finished: Dy_L25_L23_O_O_O_O_MLTP_MAX
Finished: Dy_L26_L26_N_N_N_O_MLTP_MAX
Finished: Dy_L20_L20_L21_MeO_O_MLTP_MAX
Finished: Dy_L10_L25_O_O_MLTP_MAX
Finished: Dy_L8_N_N_O_O_MLTP_MAX
Finished: Dy_L1_MeO_N_O_O_MLTP_MAX
Finished: Dy_L7_L25_N_N_MLTP_MAX
Finished: Dy_L18_L18_L25_O_O_MLTP_MAX
Finished: Dy_L22_L23_L23_L26_MLTP_MAX
Finished: Dy_L20_L21_L22_L23_MLTP_MAX
Finished: Dy_L18_L25_N_N_N_N_MLTP_MAX
Finished: Dy_L23_L18_MeO_N_N_N_MLTP_MAX
Finished: Dy_L19_L21_L23_DMF_N_MLTP_MAX
Finished: Dy_L8_L23_MeO_MeO_MLTP_MAX
Finished: Dy_L23_L25_MeO_MeO_N_O_MLTP_MAX
Finished: Dy_L26_L20_MeO_N_N_O_MLTP_MAX
Finished: Dy_L21_L22_DMF_MeO_O_O_MLTP_MAX
Finished: Dy_L20_L23_L26_DMF_DMF_MLTP_MAX
Finished: Dy_L7_L21_L23_MLTP_MAX
Finished: Dy_L26_L22_DMF_DMF_DMF_O_MLTP_MAX
Finished: Dy_L25_L23_MeO_MeO_N_O_MLTP_MAX
Finished: Dy_L23_L23_N_N_O_O_MLTP_MAX
Finished: Dy_L7_L18_L22_MLTP_MAX
Finished: Dy_L21_L23_O_O_O_O_MLTP_MAX
Finished: Dy_L19_L22_DMF_DMF_DMF_O_MLTP_MAX
Finished: Dy_L19_L20_L23_DMF_N_MLTP_MAX
Finished: Dy_L25_L26_L26_O_O_MLTP_MAX
Finished: Dy_L10_L19_L20_MLTP_MAX
Finished: Dy_L21_L21_L21_L25_MLTP_MAX
Finished: Dy_L2_L18_N_N_MLTP_MAX
Finished: Dy_L8_L21_N_O_MLTP_MAX
Finished: Dy_L10_L23_L23_MLTP_MAX
Finished: Dy_L22_L26_L26_L26_MLTP_MAX
Finished: Dy_L7_L22_L23_MLTP_MAX
Finished: Dy_L10_MeO_MeO_MeO_MeO_MLTP_MAX
Finished: Dy_L1_DMF_N_N_O_MLTP_MAX
Finished: Dy_L21_L23_L25_MeO_N_MLTP_MAX
Finished: Dy_L21_L21_L23_DMF_O_MLTP_MAX
Finished: Dy_L20_L22_DMF_DMF_DMF_DMF_MLTP_MAX
Finished: Dy_L10_MeO_N_O_O_MLTP_MAX
Finished: Dy_L7_L19_DMF_O_MLTP_MAX
Finished: Dy_L8_L20_L21_MLTP_MAX
Finished: Dy_L10_L23_DMF_DMF_MLTP_MAX
Finished: Dy_L26_L25_DMF_DMF_DMF_DMF_MLTP_MAX
Finished: Dy_L7_L21_MeO_O_MLTP_MAX
Finished: Dy_L8_L18_MeO_MeO_MLTP_MAX
Finished: Dy_L8_L19_N_N_MLTP_MAX
Finished: Dy_L8_L20_MeO_MeO_MLTP_MAX
Finished: Dy_L10_DMF_DMF_DMF_O_MLTP_MAX
Finished: Dy_L2_DMF_DMF_MeO_N_MLTP_MAX
Finished: Dy_L10_DMF_DMF_O_O_MLTP_MAX
Finished: Dy_L8_L18_L21_MLTP_MAX
Finished: Dy_L10_L19_DMF_N_MLTP_MAX
Finished: Dy_L2_DMF_DMF_MeO_MeO_MLTP_MAX
Finished: Dy_L2_DMF_O_O_O_MLTP_MAX
Finished: Dy_L2_L18_L23_MLTP_MAX
Finished: Dy_L2_L19_L23_MLTP_MAX
Finished: Dy_L2_L20_L21_MLTP_MAX
Finished: Dy_L10_L7_MLTP_MAX
Finished: Dy_L2_L22_L23_MLTP_MAX
Finished: Dy_L9_L21_MeO_N_MLTP_MAX
Finished: Dy_L2_L23_DMF_O_MLTP_MAX
Finished: Dy_L9_L19_DMF_DMF_MLTP_MAX
Finished: Dy_L9_L18_L19_MLTP_MAX
Finished: Dy_L2_DMF_DMF_N_O_MLTP_MAX
Finished: Dy_L9_L19_L22_MLTP_MAX
Finished: Dy_L9_L21_DMF_N_MLTP_MAX
Finished: Dy_L9_L20_L20_MLTP_MAX
Finished: Dy_L9_L21_L25_MLTP_MAX
Finished: Dy_L9_L26_MeO_MeO_MLTP_MAX
Finished: Dy_L9_MeO_MeO_N_O_MLTP_MAX
Finished: Dy_L2_L18_DMF_O_MLTP_MAX
Finished: Dy_L2_DMF_DMF_DMF_O_MLTP_MAX
Finished: Dy_L9_L26_O_O_MLTP_MAX
Finished: Dy_L9_L21_MeO_MeO_MLTP_MAX
Finished: Dy_L9_DMF_N_N_N_MLTP_MAX
Finished: Dy_L9_L25_DMF_DMF_MLTP_MAX
Finished: Dy_L9_L18_L26_MLTP_MAX
Finished: Dy_L9_L2_MLTP_MAX
Finished: Dy_L4_O_O_O_O_MLTP_MAX
Finished: Dy_L4_L20_N_N_MLTP_MAX
Finished: Dy_L4_DMF_MeO_MeO_O_MLTP_MAX
Finished: Dy_L4_L18_N_N_MLTP_MAX
Finished: Dy_L4_L22_O_O_MLTP_MAX
Finished: Dy_L4_L18_L18_MLTP_MAX
Finished: Dy_L4_L22_DMF_DMF_MLTP_MAX
Finished: Dy_L4_L22_L26_MLTP_MAX
Finished: Dy_L4_L22_L23_MLTP_MAX
Finished: Dy_L4_L23_DMF_MeO_MLTP_MAX
Finished: Dy_L4_L21_L25_MLTP_MAX
Finished: Dy_L4_L21_L23_MLTP_MAX
Finished: Dy_L4_L21_L26_MLTP_MAX
Finished: Dy_L3_MeO_N_O_O_MLTP_MAX
Finished: Dy_L3_MeO_MeO_MeO_O_MLTP_MAX
Finished: Dy_L3_MeO_N_N_N_MLTP_MAX
Finished: Dy_L3_MeO_MeO_MeO_N_MLTP_MAX
Finished: Dy_L3_DMF_O_O_O_MLTP_MAX
Finished: Dy_L3_L19_O_O_MLTP_MAX
Finished: Dy_L3_DMF_MeO_N_O_MLTP_MAX
Finished: Dy_L3_DMF_MeO_MeO_MeO_MLTP_MAX
Finished: Dy_L3_L20_DMF_MeO_MLTP_MAX
Finished: Dy_L3_L20_L20_MLTP_MAX
Finished: Dy_L3_DMF_DMF_N_N_MLTP_MAX
Finished: Dy_L3_DMF_DMF_MeO_O_MLTP_MAX
Finished: Dy_L3_L18_L21_MLTP_MAX
Finished: Dy_L1_L3_MLTP_MAX
Finished: Dy_L6_O_O_O_O_MLTP_MAX
Finished: Dy_L6_MeO_N_N_N_MLTP_MAX
Finished: Dy_L6_MeO_MeO_MeO_N_MLTP_MAX
Finished: Dy_L6_DMF_O_O_O_MLTP_MAX
Finished: Dy_L6_L18_MeO_O_MLTP_MAX
Finished: Dy_L6_L20_DMF_N_MLTP_MAX
Finished: Dy_L6_L19_DMF_MeO_MLTP_MAX
Finished: Dy_L6_L21_MeO_N_MLTP_MAX
Finished: Dy_L6_L18_L23_MLTP_MAX
Finished: Dy_L6_L22_L26_MLTP_MAX
Finished: Dy_L6_L23_L25_MLTP_MAX
Finished: Dy_L6_L1_MLTP_MAX
